<?xml version="1.0" encoding="UTF-8"?>
<!-- Generated by org.testng.reporters.JUnitReportReporter -->
<testsuite hostname="KANINI-LTP-406" failures="0" tests="1" name="com.selnium.practice.TestNGPracrtice.DemoWebShopLoginPage" time="1.800" errors="0" timestamp="2024-03-17T16:50:18 IST" skipped="0">
  <testcase classname="com.selnium.practice.TestNGPracrtice.DemoWebShopLoginPage" name="demoWebShopTestLoginWithValidCredentials" time="1.800"/>
  <system-out/>
</testsuite> <!-- com.selnium.practice.TestNGPracrtice.DemoWebShopLoginPage -->
