<?xml version="1.0" encoding="UTF-8"?>
<!-- Generated by org.testng.reporters.JUnitReportReporter -->
<testsuite hostname="KANINI-LTP-406" failures="0" tests="2" name="com.selnium.practice.TestNGPracrtice.OrangeHRMLoginPage" time="2.654" errors="0" timestamp="2024-03-17T23:05:34 IST" skipped="0">
  <testcase classname="com.selnium.practice.TestNGPracrtice.OrangeHRMLoginPage" name="testLoginWithValidCredentials" time="0.804"/>
  <system-out/>
  <testcase classname="com.selnium.practice.TestNGPracrtice.OrangeHRMLoginPage" name="verificationOfHomePage" time="1.850"/>
  <system-out/>
</testsuite> <!-- com.selnium.practice.TestNGPracrtice.OrangeHRMLoginPage -->
