<?xml version="1.0" encoding="UTF-8"?>
<!-- Generated by org.testng.reporters.JUnitReportReporter -->
<testsuite hostname="KANINI-LTP-406" failures="0" tests="1" name="com.selnium.practice.TestNGPracrtice.OrangeHRMLoginInvalidCredentials" time="10.360" errors="0" timestamp="2024-03-17T16:50:18 IST" skipped="0">
  <testcase classname="com.selnium.practice.TestNGPracrtice.OrangeHRMLoginInvalidCredentials" name="process" time="10.360"/>
  <system-out/>
</testsuite> <!-- com.selnium.practice.TestNGPracrtice.OrangeHRMLoginInvalidCredentials -->
